<?xml version="1.0" encoding="UTF-8"?>
<!-- Generated by org.testng.reporters.JUnitReportReporter -->
<testsuite name="testCase.NewTest" tests="1" time="14.610" ignored="0" failures="0" timestamp="23 Nov 2018 11:13:27 GMT" skipped="0" hostname="DESKTOP-M0QV9PA" errors="0">
  <testcase name="f" time="14.610" classname="testCase.NewTest"/>
</testsuite> <!-- testCase.NewTest -->
